<?xml version="1.0" encoding="UTF-8"?>
<testng-results ignored="0" total="1" passed="1" failed="0" skipped="0">
  <reporter-output>
  </reporter-output>
  <suite started-at="2024-09-14T20:18:22 IST" name="Default suite" finished-at="2024-09-14T20:19:01 IST" duration-ms="39721">
    <groups>
    </groups>
    <test started-at="2024-09-14T20:18:22 IST" name="Default test" finished-at="2024-09-14T20:19:01 IST" duration-ms="39721">
      <class name="com.automation.tests.PurchaseTest">
        <test-method is-config="true" signature="setup()[pri:0, instance:com.automation.tests.PurchaseTest@53fe15ff]" started-at="2024-09-14T20:18:22 IST" name="setup" finished-at="2024-09-14T20:18:27 IST" duration-ms="4968" status="PASS">
          <reporter-output>
          </reporter-output>
        </test-method> <!-- setup -->
        <test-method signature="testPurchase()[pri:0, instance:com.automation.tests.PurchaseTest@53fe15ff]" started-at="2024-09-14T20:18:27 IST" name="testPurchase" finished-at="2024-09-14T20:19:01 IST" duration-ms="34716" status="PASS">
          <reporter-output>
          </reporter-output>
        </test-method> <!-- testPurchase -->
        <test-method is-config="true" signature="teardown()[pri:0, instance:com.automation.tests.PurchaseTest@53fe15ff]" started-at="2024-09-14T20:19:01 IST" name="teardown" finished-at="2024-09-14T20:19:01 IST" duration-ms="1" status="PASS">
          <reporter-output>
          </reporter-output>
        </test-method> <!-- teardown -->
      </class> <!-- com.automation.tests.PurchaseTest -->
    </test> <!-- Default test -->
  </suite> <!-- Default suite -->
</testng-results>
